Determining if the pthread_create exist failed with the following output:
Change Dir: /home/liuly/stvo/build/CMakeFiles/CMakeTmp

Run Build Command(s):/usr/bin/make cmTC_df730/fast 
/usr/bin/make -f CMakeFiles/cmTC_df730.dir/build.make CMakeFiles/cmTC_df730.dir/build
make[1]: Entering directory '/home/liuly/stvo/build/CMakeFiles/CMakeTmp'
Building C object CMakeFiles/cmTC_df730.dir/CheckSymbolExists.c.o
/usr/bin/gcc-5    -o CMakeFiles/cmTC_df730.dir/CheckSymbolExists.c.o   -c /home/liuly/stvo/build/CMakeFiles/CMakeTmp/CheckSymbolExists.c
Linking C executable cmTC_df730
/usr/local/bin/cmake -E cmake_link_script CMakeFiles/cmTC_df730.dir/link.txt --verbose=1
/usr/bin/gcc-5      -rdynamic CMakeFiles/cmTC_df730.dir/CheckSymbolExists.c.o  -o cmTC_df730 
CMakeFiles/cmTC_df730.dir/CheckSymbolExists.c.o：在函数‘main’中：
CheckSymbolExists.c:(.text+0x16)：对‘pthread_create’未定义的引用
collect2: error: ld returned 1 exit status
CMakeFiles/cmTC_df730.dir/build.make:86: recipe for target 'cmTC_df730' failed
make[1]: *** [cmTC_df730] Error 1
make[1]: Leaving directory '/home/liuly/stvo/build/CMakeFiles/CMakeTmp'
Makefile:121: recipe for target 'cmTC_df730/fast' failed
make: *** [cmTC_df730/fast] Error 2

File /home/liuly/stvo/build/CMakeFiles/CMakeTmp/CheckSymbolExists.c:
/* */
#include <pthread.h>

int main(int argc, char** argv)
{
  (void)argv;
#ifndef pthread_create
  return ((int*)(&pthread_create))[argc];
#else
  (void)argc;
  return 0;
#endif
}

Determining if the function pthread_create exists in the pthreads failed with the following output:
Change Dir: /home/liuly/stvo/build/CMakeFiles/CMakeTmp

Run Build Command(s):/usr/bin/make cmTC_16477/fast 
/usr/bin/make -f CMakeFiles/cmTC_16477.dir/build.make CMakeFiles/cmTC_16477.dir/build
make[1]: Entering directory '/home/liuly/stvo/build/CMakeFiles/CMakeTmp'
Building C object CMakeFiles/cmTC_16477.dir/CheckFunctionExists.c.o
/usr/bin/gcc-5   -DCHECK_FUNCTION_EXISTS=pthread_create   -o CMakeFiles/cmTC_16477.dir/CheckFunctionExists.c.o   -c /usr/local/share/cmake-3.14/Modules/CheckFunctionExists.c
Linking C executable cmTC_16477
/usr/local/bin/cmake -E cmake_link_script CMakeFiles/cmTC_16477.dir/link.txt --verbose=1
/usr/bin/gcc-5  -DCHECK_FUNCTION_EXISTS=pthread_create    -rdynamic CMakeFiles/cmTC_16477.dir/CheckFunctionExists.c.o  -o cmTC_16477 -lpthreads 
/usr/bin/ld: 找不到 -lpthreads
collect2: error: ld returned 1 exit status
CMakeFiles/cmTC_16477.dir/build.make:86: recipe for target 'cmTC_16477' failed
make[1]: *** [cmTC_16477] Error 1
make[1]: Leaving directory '/home/liuly/stvo/build/CMakeFiles/CMakeTmp'
Makefile:121: recipe for target 'cmTC_16477/fast' failed
make: *** [cmTC_16477/fast] Error 2


